<?xml version="1.0" encoding="UTF-8"?>
<!-- Generated by org.testng.reporters.JUnitReportReporter -->
<testsuite hostname="GK" failures="0" tests="2" name="tests.BaseTestMain" time="18.986" errors="0" timestamp="2025-02-12T22:09:17 IST" skipped="0">
  <testcase classname="tests.BaseTestMain" name="testLogin" time="0.962"/>
  <system-out/>
  <testcase classname="tests.BaseTestMain" name="addPatient" time="18.024"/>
  <system-out/>
</testsuite> <!-- tests.BaseTestMain -->
