<?xml version="1.0" encoding="UTF-8"?>
<!-- Generated by org.testng.reporters.JUnitReportReporter -->
<testsuite hostname="GK" failures="0" tests="3" name="tests.BaseTestMain" time="31.879" errors="0" timestamp="2025-02-17T20:53:54 IST" skipped="0">
  <testcase classname="tests.BaseTestMain" name="testLogin" time="4.862"/>
  <system-out/>
  <testcase classname="tests.BaseTestMain" name="addPatient" time="16.967"/>
  <system-out/>
  <testcase classname="tests.BaseTestMain" name="Appointment" time="10.050"/>
  <system-out/>
</testsuite> <!-- tests.BaseTestMain -->
