<?xml version="1.0" encoding="UTF-8"?>
<!-- Generated by org.testng.reporters.JUnitReportReporter -->
<testsuite hostname="GK" failures="0" tests="2" name="tests.BaseTest" time="11.585" errors="0" timestamp="2025-02-12T15:30:49 IST" skipped="0">
  <testcase classname="tests.BaseTest" name="testLogin" time="1.165"/>
  <system-out/>
  <testcase classname="tests.BaseTest" name="addPatient" time="10.420"/>
  <system-out/>
</testsuite> <!-- tests.BaseTest -->
